  CameraVision.cpp
C:\Users\User\source\repos\VisionDevice\VisionDevice\CameraVision.cpp(88,33): warning C4244: 'argument': conversion from 'double' to '_Tp', possible loss of data
          with
          [
              _Tp=int
          ]
C:\Users\User\source\repos\VisionDevice\VisionDevice\CameraVision.cpp(88,79): warning C4244: 'argument': conversion from 'double' to '_Tp', possible loss of data
          with
          [
              _Tp=int
          ]
C:\Users\User\source\repos\VisionDevice\VisionDevice\CameraVision.cpp(89,30): warning C4244: 'argument': conversion from 'double' to '_Tp', possible loss of data
          with
          [
              _Tp=int
          ]
C:\Users\User\source\repos\VisionDevice\VisionDevice\CameraVision.cpp(89,57): warning C4244: 'argument': conversion from 'double' to '_Tp', possible loss of data
          with
          [
              _Tp=int
          ]
C:\Users\User\source\repos\VisionDevice\VisionDevice\CameraVision.cpp(93,30): warning C4244: 'argument': conversion from 'double' to '_Tp', possible loss of data
          with
          [
              _Tp=int
          ]
C:\Users\User\source\repos\VisionDevice\VisionDevice\CameraVision.cpp(93,58): warning C4244: 'argument': conversion from 'double' to '_Tp', possible loss of data
          with
          [
              _Tp=int
          ]
C:\Users\User\source\repos\VisionDevice\VisionDevice\CameraVision.cpp(125,27): warning C4244: 'argument': conversion from 'double' to '_Tp', possible loss of data
          with
          [
              _Tp=int
          ]
C:\Users\User\source\repos\VisionDevice\VisionDevice\CameraVision.cpp(125,14): warning C4244: 'argument': conversion from 'double' to '_Tp', possible loss of data
          with
          [
              _Tp=int
          ]
  VisionDevice.vcxproj -> C:\Users\User\source\repos\VisionDevice\x64\Debug\VisionDevice.exe
